{"logTime": "0808/230544", "correlationVector":"zH1eN3wJCJZgy/8meXpM4D.1","action":"SyncServerConnectionManagerRequest", "result":"SYNC_SERVER_OK", "context":{"environment":"Prod_WestEurope_000l", "migrationStage":"NotStarted", "server":"general0100000N"}}
{"logTime": "0808/230544", "correlationVector":"+KPcRKL0O/3g9QrkWif2YI","action":"SyncServerConnectionManagerRequest", "result":"SYNC_SERVER_OK", "context":{"environment":"", "migrationStage":"", "server":""}}
{"logTime": "0808/230544", "correlationVector":"zH1eN3wJCJZgy/8meXpM4D","action":"Initial GetUpdates", "result":"", "context":Reason: NEW_CLIENT. cV=zH1eN3wJCJZgy/8meXpM4D}
{"logTime": "0808/230544", "correlationVector":"zH1eN3wJCJZgy/8meXpM4D.2","action":"GetUpdates Response", "result":"Success", "context":Received 1 update(s). cV=zH1eN3wJCJZgy/8meXpM4D.0;server=general0100000N;cloudType=Consumer;environment=Prod_WestEurope_000l;migrationStage=NotStarted}
{"logTime": "0808/230548", "correlationVector":"d300widuG+SlUBkY84aeNB","action":"Initial GetUpdates", "result":"", "context":Reason: NEW_CLIENT. cV=d300widuG+SlUBkY84aeNB}
{"logTime": "0808/230549", "correlationVector":"d300widuG+SlUBkY84aeNB.1","action":"SyncServerConnectionManagerRequest", "result":"SYNC_SERVER_OK", "context":{"environment":"Prod_WestEurope_000l", "migrationStage":"NotStarted", "server":"general0100000Y"}}
{"logTime": "0808/230549", "correlationVector":"d300widuG+SlUBkY84aeNB.2","action":"GetUpdates Response", "result":"Success", "context":Received 14 update(s). cV=d300widuG+SlUBkY84aeNB.0;server=general0100000Y;cloudType=Consumer;environment=Prod_WestEurope_000l;migrationStage=NotStarted}
{"logTime": "0808/230549", "correlationVector":"nXb8Ew1vTuBk6b4Okdd1Ja","action":"Normal GetUpdate request", "result":"", "context":cV=nXb8Ew1vTuBk6b4Okdd1Ja
Nudged types: Device Info, User Consents
Refresh requested types: Device Info, User Consents, Send Tab To Self, Encryption Keys}
{"logTime": "0808/230549", "correlationVector":"nXb8Ew1vTuBk6b4Okdd1Ja.1","action":"SyncServerConnectionManagerRequest", "result":"SYNC_SERVER_OK", "context":{"environment":"Prod_WestEurope_000l", "migrationStage":"NotStarted", "server":"general0100000T"}}
{"logTime": "0808/230549", "correlationVector":"nXb8Ew1vTuBk6b4Okdd1Ja.2","action":"GetUpdates Response", "result":"Success", "context":Received 0 update(s). cV=nXb8Ew1vTuBk6b4Okdd1Ja.0;server=general0100000T;cloudType=Consumer;environment=Prod_WestEurope_000l;migrationStage=NotStarted}
{"logTime": "0808/230549", "correlationVector":"mhCH3PJNFvCIZLac6xJhk/","action":"DoCompareDataConsistency requsted types: ", "result":"Send Tab To Self, Encryption Keys"}
{"logTime": "0808/230549", "correlationVector":"mhCH3PJNFvCIZLac6xJhk/.0","action":"CompareDataConsistency result: ", "result":"Compare result: Encryption Keys is consistent. local entities count is: 1 local entities hash is: qr9VNfOsRy+Zv9rdMhQvnIwD5ws="}
{"logTime": "0808/230549", "correlationVector":"mhCH3PJNFvCIZLac6xJhk/.1","action":"CompareDataConsistency result: ", "result":"Server did not send this Send Tab To Self local entities count is: 0 local entities hash is: "}
{"logTime": "0808/230549", "correlationVector":"ZPZ0i56meaEU00MYrSTn0U","action":"Commit Request", "result":"", "context":Item count: 2
Contributing types: Device Info, User Consents}
{"logTime": "0808/230549", "correlationVector":"ZPZ0i56meaEU00MYrSTn0U.1","action":"SyncServerConnectionManagerRequest", "result":"SYNC_SERVER_OK", "context":{"environment":"Prod_WestEurope_000l", "migrationStage":"NotStarted", "server":"general01000015"}}
{"logTime": "0808/230549", "correlationVector":"ZPZ0i56meaEU00MYrSTn0U.2","action":"Commit Response", "result":"Success", "context":Result: Success. cV=ZPZ0i56meaEU00MYrSTn0U.0;server=general01000015;cloudType=Consumer;environment=Prod_WestEurope_000l;migrationStage=NotStarted}
{"logTime": "0808/230549", "correlationVector":"","action":"DIAGNOSTIC_REQUEST|v1/diagnosticData/Diagnostic.SendCheckResult()|SUCCESS", "result":""}
{"logTime": "0808/230549", "correlationVector":"Be9/BST12/zA5PItVozZdX","action":"Normal GetUpdate request", "result":"", "context":cV=Be9/BST12/zA5PItVozZdX
Nudged types: Device Info}
{"logTime": "0808/230549", "correlationVector":"Be9/BST12/zA5PItVozZdX.1","action":"SyncServerConnectionManagerRequest", "result":"SYNC_SERVER_OK", "context":{"environment":"Prod_WestEurope_000l", "migrationStage":"NotStarted", "server":"general0100000Q"}}
{"logTime": "0808/230549", "correlationVector":"Be9/BST12/zA5PItVozZdX.2","action":"GetUpdates Response", "result":"Success", "context":Received 1 update(s). cV=Be9/BST12/zA5PItVozZdX.0;server=general0100000Q;cloudType=Consumer;environment=Prod_WestEurope_000l;migrationStage=NotStarted}
{"logTime": "0808/230707", "correlationVector":"jjfbOueJkalz1aSEH/uGHa.1","action":"SyncServerConnectionManagerRequest", "result":"SYNC_SERVER_OK", "context":{"environment":"Prod_WestEurope_000l", "migrationStage":"NotStarted", "server":"general0300002R"}}
{"logTime": "0808/230708", "correlationVector":"LJVNr1+rWOKYEdbRsqbe/4","action":"SyncServerConnectionManagerRequest", "result":"SYNC_SERVER_OK", "context":{"environment":"", "migrationStage":"", "server":""}}
{"logTime": "0808/230708", "correlationVector":"jjfbOueJkalz1aSEH/uGHa","action":"Initial GetUpdates", "result":"", "context":Reason: NEW_CLIENT. cV=jjfbOueJkalz1aSEH/uGHa}
{"logTime": "0808/230708", "correlationVector":"jjfbOueJkalz1aSEH/uGHa.2","action":"GetUpdates Response", "result":"Success", "context":Received 1 update(s). cV=jjfbOueJkalz1aSEH/uGHa.0;server=general0300002R;cloudType=Consumer;environment=Prod_WestEurope_000l;migrationStage=NotStarted}
{"logTime": "0808/230708", "correlationVector":"gm2HKAxVLtSv5JxsqSORxd","action":"Initial GetUpdates", "result":"", "context":Reason: NEWLY_SUPPORTED_DATATYPE. cV=gm2HKAxVLtSv5JxsqSORxd}
{"logTime": "0808/230708", "correlationVector":"gm2HKAxVLtSv5JxsqSORxd.1","action":"SyncServerConnectionManagerRequest", "result":"SYNC_SERVER_OK", "context":{"environment":"Prod_WestEurope_000l", "migrationStage":"NotStarted", "server":"general0100001N"}}
{"logTime": "0808/230708", "correlationVector":"gm2HKAxVLtSv5JxsqSORxd.2","action":"GetUpdates Response", "result":"Success", "context":Received 44 update(s). cV=gm2HKAxVLtSv5JxsqSORxd.0;server=general0100001N;cloudType=Consumer;environment=Prod_WestEurope_000l;migrationStage=NotStarted}
{"logTime": "0808/230708", "correlationVector":"Z05ReqSfg1mq8pmBD79Sic","action":"Initial GetUpdates", "result":"", "context":Reason: NEWLY_SUPPORTED_DATATYPE. cV=Z05ReqSfg1mq8pmBD79Sic}
{"logTime": "0808/230708", "correlationVector":"Z05ReqSfg1mq8pmBD79Sic.1","action":"SyncServerConnectionManagerRequest", "result":"SYNC_SERVER_OK", "context":{"environment":"Prod_WestEurope_000l", "migrationStage":"NotStarted", "server":"general01000007"}}
{"logTime": "0808/230708", "correlationVector":"Z05ReqSfg1mq8pmBD79Sic.2","action":"GetUpdates Response", "result":"Success", "context":Received 5 update(s). cV=Z05ReqSfg1mq8pmBD79Sic.0;server=general01000007;cloudType=Consumer;environment=Prod_WestEurope_000l;migrationStage=NotStarted}
{"logTime": "0808/230708", "correlationVector":"0+Nx4XZyJcVOYRxne5Bj0J","action":"Initial GetUpdates", "result":"", "context":Reason: NEWLY_SUPPORTED_DATATYPE. cV=0+Nx4XZyJcVOYRxne5Bj0J}
{"logTime": "0808/230708", "correlationVector":"0+Nx4XZyJcVOYRxne5Bj0J.1","action":"SyncServerConnectionManagerRequest", "result":"SYNC_SERVER_OK", "context":{"environment":"Prod_WestEurope_000l", "migrationStage":"NotStarted", "server":"general0100000Y"}}
{"logTime": "0808/230708", "correlationVector":"0+Nx4XZyJcVOYRxne5Bj0J.2","action":"GetUpdates", "result":"DeleteReceived", "context":{"id":"16ff26ef-6b5c-40f9-bfbf-0c9d728668ee", "isDeleted:":"true", "version":"1717450988826"}}
{"logTime": "0808/230708", "correlationVector":"0+Nx4XZyJcVOYRxne5Bj0J.3","action":"GetUpdates", "result":"DeleteReceived", "context":{"id":"3300e423-c9d4-4261-b464-9e0ae89f4798", "isDeleted:":"true", "version":"1719955067621"}}
{"logTime": "0808/230708", "correlationVector":"0+Nx4XZyJcVOYRxne5Bj0J.4","action":"GetUpdates", "result":"DeleteReceived", "context":{"id":"3cd888b6-8921-4df4-9c5d-7525c856df62", "isDeleted:":"true", "version":"1719955067623"}}
{"logTime": "0808/230708", "correlationVector":"0+Nx4XZyJcVOYRxne5Bj0J.5","action":"GetUpdates", "result":"DeleteReceived", "context":{"id":"cf707103-f6d0-4036-8437-f236ea381e16", "isDeleted:":"true", "version":"1719955101436"}}
{"logTime": "0808/230708", "correlationVector":"0+Nx4XZyJcVOYRxne5Bj0J.6","action":"GetUpdates", "result":"DeleteReceived", "context":{"id":"d0c21cf5-926d-443c-a6d9-b9ee03c15f38", "isDeleted:":"true", "version":"1721397311954"}}
{"logTime": "0808/230708", "correlationVector":"0+Nx4XZyJcVOYRxne5Bj0J.7","action":"GetUpdates", "result":"DeleteReceived", "context":{"id":"a5be95e9-0418-4882-99e5-a648ef9b61df", "isDeleted:":"true", "version":"1721397433849"}}
{"logTime": "0808/230708", "correlationVector":"0+Nx4XZyJcVOYRxne5Bj0J.8","action":"GetUpdates", "result":"DeleteReceived", "context":{"id":"f3c36537-b920-44bb-81f1-25844a67ee71", "isDeleted:":"true", "version":"1721397862452"}}
{"logTime": "0808/230708", "correlationVector":"0+Nx4XZyJcVOYRxne5Bj0J.9","action":"GetUpdates", "result":"DeleteReceived", "context":{"id":"dcd4c1a7-74cd-401e-88c4-d11301091616", "isDeleted:":"true", "version":"1721399054500"}}
{"logTime": "0808/230708", "correlationVector":"0+Nx4XZyJcVOYRxne5Bj0J.10","action":"GetUpdates", "result":"DeleteReceived", "context":{"id":"33f7e814-0c37-45fc-8f79-1cd7f025a194", "isDeleted:":"true", "version":"1721399647926"}}
{"logTime": "0808/230708", "correlationVector":"0+Nx4XZyJcVOYRxne5Bj0J.11","action":"GetUpdates", "result":"DeleteReceived", "context":{"id":"c58a3ee9-42b0-4c70-b474-62eab0a12f2a", "isDeleted:":"true", "version":"1721401123564"}}
{"logTime": "0808/230708", "correlationVector":"0+Nx4XZyJcVOYRxne5Bj0J.12","action":"GetUpdates", "result":"DeleteReceived", "context":{"id":"19703a06-98aa-45c0-9133-e26554548c6f", "isDeleted:":"true", "version":"1721412625747"}}
{"logTime": "0808/230708", "correlationVector":"0+Nx4XZyJcVOYRxne5Bj0J.13","action":"GetUpdates", "result":"DeleteReceived", "context":{"id":"478429f8-efe7-41eb-b03e-dd22674d5681", "isDeleted:":"true", "version":"1721412678800"}}
{"logTime": "0808/230708", "correlationVector":"0+Nx4XZyJcVOYRxne5Bj0J.14","action":"GetUpdates", "result":"DeleteReceived", "context":{"id":"a9d71912-0582-46bb-8983-9923667e36a6", "isDeleted:":"true", "version":"1721412832605"}}
{"logTime": "0808/230708", "correlationVector":"0+Nx4XZyJcVOYRxne5Bj0J.15","action":"GetUpdates", "result":"DeleteReceived", "context":{"id":"397827c9-a8da-41ba-9fd4-b7c7ac2a9b54", "isDeleted:":"true", "version":"1721412953090"}}
{"logTime": "0808/230708", "correlationVector":"0+Nx4XZyJcVOYRxne5Bj0J.16","action":"GetUpdates", "result":"DeleteReceived", "context":{"id":"f82b2f92-68c2-45ef-bfa5-b25e3739d93d", "isDeleted:":"true", "version":"1721413242727"}}
{"logTime": "0808/230708", "correlationVector":"0+Nx4XZyJcVOYRxne5Bj0J.17","action":"GetUpdates", "result":"DeleteReceived", "context":{"id":"0b075a4e-7dc7-4515-b420-c78b5bacf175", "isDeleted:":"true", "version":"1721413616158"}}
{"logTime": "0808/230708", "correlationVector":"0+Nx4XZyJcVOYRxne5Bj0J.18","action":"GetUpdates", "result":"DeleteReceived", "context":{"id":"576e3fbb-e3a1-43d8-8e91-d12e4e60bf85", "isDeleted:":"true", "version":"1721413837131"}}
{"logTime": "0808/230708", "correlationVector":"0+Nx4XZyJcVOYRxne5Bj0J.19","action":"GetUpdates", "result":"DeleteReceived", "context":{"id":"00a8a767-592e-4424-92c5-6e5ad17dbea0", "isDeleted:":"true", "version":"1721414664192"}}
{"logTime": "0808/230708", "correlationVector":"0+Nx4XZyJcVOYRxne5Bj0J.20","action":"GetUpdates", "result":"DeleteReceived", "context":{"id":"b5384497-0bfd-4e6a-a32f-988fee7e8866", "isDeleted:":"true", "version":"1721415122904"}}
{"logTime": "0808/230708", "correlationVector":"0+Nx4XZyJcVOYRxne5Bj0J.21","action":"GetUpdates", "result":"DeleteReceived", "context":{"id":"6958599e-1695-47aa-ad79-32d25cd8b8d5", "isDeleted:":"true", "version":"1721415704312"}}
{"logTime": "0808/230708", "correlationVector":"0+Nx4XZyJcVOYRxne5Bj0J.22","action":"GetUpdates", "result":"DeleteReceived", "context":{"id":"673c397c-9160-4195-a57c-4cb0909b5ace", "isDeleted:":"true", "version":"1721415830317"}}
{"logTime": "0808/230708", "correlationVector":"0+Nx4XZyJcVOYRxne5Bj0J.23","action":"GetUpdates", "result":"DeleteReceived", "context":{"id":"8b38f9cf-1af6-4f99-8b84-053ee1ad05fb", "isDeleted:":"true", "version":"1721416063138"}}
{"logTime": "0808/230708", "correlationVector":"0+Nx4XZyJcVOYRxne5Bj0J.24","action":"GetUpdates", "result":"DeleteReceived", "context":{"id":"05ff6773-88d8-4fe7-ae78-752842580a86", "isDeleted:":"true", "version":"1721416266772"}}
{"logTime": "0808/230708", "correlationVector":"0+Nx4XZyJcVOYRxne5Bj0J.25","action":"GetUpdates", "result":"DeleteReceived", "context":{"id":"bf4d431d-89cd-4b3a-8a81-7808ffa3fd17", "isDeleted:":"true", "version":"1721416415105"}}
{"logTime": "0808/230708", "correlationVector":"0+Nx4XZyJcVOYRxne5Bj0J.26","action":"GetUpdates", "result":"DeleteReceived", "context":{"id":"7f62422e-9410-4790-a1c4-81ff83aca649", "isDeleted:":"true", "version":"1721416545426"}}
{"logTime": "0808/230708", "correlationVector":"0+Nx4XZyJcVOYRxne5Bj0J.27","action":"GetUpdates", "result":"DeleteReceived", "context":{"id":"65a2724d-f0cb-40d7-a1ad-404df0e6ea11", "isDeleted:":"true", "version":"1721417699567"}}
{"logTime": "0808/230708", "correlationVector":"0+Nx4XZyJcVOYRxne5Bj0J.28","action":"GetUpdates", "result":"DeleteReceived", "context":{"id":"aa2d9e32-f314-44d3-95dc-5b8af23007d2", "isDeleted:":"true", "version":"1721418425226"}}
{"logTime": "0808/230708", "correlationVector":"0+Nx4XZyJcVOYRxne5Bj0J.29","action":"GetUpdates", "result":"DeleteReceived", "context":{"id":"4bdeaca1-ab70-4202-a3c6-5ad76869f4fe", "isDeleted:":"true", "version":"1721419678687"}}
{"logTime": "0808/230708", "correlationVector":"0+Nx4XZyJcVOYRxne5Bj0J.30","action":"GetUpdates", "result":"DeleteReceived", "context":{"id":"be874d36-30a6-4c08-9477-c3c0161addcf", "isDeleted:":"true", "version":"1721420856294"}}
{"logTime": "0808/230708", "correlationVector":"0+Nx4XZyJcVOYRxne5Bj0J.31","action":"GetUpdates", "result":"DeleteReceived", "context":{"id":"bebf365e-11ab-43d4-83cb-1adf2e76741d", "isDeleted:":"true", "version":"1721422451553"}}
{"logTime": "0808/230708", "correlationVector":"0+Nx4XZyJcVOYRxne5Bj0J.32","action":"GetUpdates", "result":"DeleteReceived", "context":{"id":"3b430ca8-b98c-46e1-9d65-4d078f4dc95e", "isDeleted:":"true", "version":"1721422658918"}}
{"logTime": "0808/230708", "correlationVector":"0+Nx4XZyJcVOYRxne5Bj0J.33","action":"GetUpdates", "result":"DeleteReceived", "context":{"id":"daf38847-d75b-4e13-9ee9-9749eb533c5e", "isDeleted:":"true", "version":"1721422716705"}}
{"logTime": "0808/230708", "correlationVector":"0+Nx4XZyJcVOYRxne5Bj0J.34","action":"GetUpdates", "result":"DeleteReceived", "context":{"id":"739015ff-2d6a-4af3-bf74-c86ad19148f9", "isDeleted:":"true", "version":"1721423404078"}}
{"logTime": "0808/230708", "correlationVector":"0+Nx4XZyJcVOYRxne5Bj0J.35","action":"GetUpdates", "result":"DeleteReceived", "context":{"id":"df5dbf59-7639-48ef-b25c-d0c729634b4c", "isDeleted:":"true", "version":"1721423630656"}}
{"logTime": "0808/230708", "correlationVector":"0+Nx4XZyJcVOYRxne5Bj0J.36","action":"GetUpdates", "result":"DeleteReceived", "context":{"id":"53c16371-526d-41e8-a948-45915735f7dc", "isDeleted:":"true", "version":"1721423928353"}}
{"logTime": "0808/230708", "correlationVector":"0+Nx4XZyJcVOYRxne5Bj0J.37","action":"GetUpdates", "result":"DeleteReceived", "context":{"id":"d7e16464-864f-4e47-a309-c0861544ce74", "isDeleted:":"true", "version":"1721558371711"}}
{"logTime": "0808/230708", "correlationVector":"0+Nx4XZyJcVOYRxne5Bj0J.38","action":"GetUpdates", "result":"DeleteReceived", "context":{"id":"9c3eaa9a-884b-4c1d-81e9-568b66b44cbb", "isDeleted:":"true", "version":"1721565620101"}}
{"logTime": "0808/230708", "correlationVector":"0+Nx4XZyJcVOYRxne5Bj0J.39","action":"GetUpdates", "result":"DeleteReceived", "context":{"id":"fe6c24a7-d56c-4fa0-bc4c-9f252f10dfc6", "isDeleted:":"true", "version":"1721567481759"}}
{"logTime": "0808/230708", "correlationVector":"0+Nx4XZyJcVOYRxne5Bj0J.40","action":"GetUpdates", "result":"DeleteReceived", "context":{"id":"604d912c-bd2f-4c94-9b69-d4ef4f7f5f72", "isDeleted:":"true", "version":"1721567887341"}}
{"logTime": "0808/230708", "correlationVector":"0+Nx4XZyJcVOYRxne5Bj0J.41","action":"GetUpdates", "result":"DeleteReceived", "context":{"id":"c0b1bd9e-a4a6-48f9-8c0a-833e7477fe3e", "isDeleted:":"true", "version":"1721568850019"}}
{"logTime": "0808/230708", "correlationVector":"0+Nx4XZyJcVOYRxne5Bj0J.42","action":"GetUpdates", "result":"DeleteReceived", "context":{"id":"04b98448-30e7-461a-842b-226d712bd63f", "isDeleted:":"true", "version":"1721572577692"}}
{"logTime": "0808/230708", "correlationVector":"0+Nx4XZyJcVOYRxne5Bj0J.43","action":"GetUpdates", "result":"DeleteReceived", "context":{"id":"42e50227-b1c1-4760-98da-67d8370b948a", "isDeleted:":"true", "version":"1721574374599"}}
{"logTime": "0808/230708", "correlationVector":"0+Nx4XZyJcVOYRxne5Bj0J.44","action":"GetUpdates", "result":"DeleteReceived", "context":{"id":"f3be3631-4911-4ccb-9b57-d41c6b94a126", "isDeleted:":"true", "version":"1721575997077"}}
{"logTime": "0808/230708", "correlationVector":"0+Nx4XZyJcVOYRxne5Bj0J.45","action":"GetUpdates", "result":"DeleteReceived", "context":{"id":"ed7251c0-f5e5-42c0-b9ac-b7caf144bfb1", "isDeleted:":"true", "version":"1721581511855"}}
{"logTime": "0808/230708", "correlationVector":"0+Nx4XZyJcVOYRxne5Bj0J.46","action":"GetUpdates", "result":"DeleteReceived", "context":{"id":"55417ee2-92cf-4cad-8c06-043f8c7a654e", "isDeleted:":"true", "version":"1721583515591"}}
{"logTime": "0808/230708", "correlationVector":"0+Nx4XZyJcVOYRxne5Bj0J.47","action":"GetUpdates", "result":"DeleteReceived", "context":{"id":"1ba09cbf-359a-485d-872b-7cd50f75f170", "isDeleted:":"true", "version":"1721588635682"}}
{"logTime": "0808/230708", "correlationVector":"0+Nx4XZyJcVOYRxne5Bj0J.48","action":"GetUpdates", "result":"DeleteReceived", "context":{"id":"84d055db-ff27-4f27-8ebe-3b9505e1b978", "isDeleted:":"true", "version":"1721589275946"}}
{"logTime": "0808/230708", "correlationVector":"0+Nx4XZyJcVOYRxne5Bj0J.49","action":"GetUpdates", "result":"DeleteReceived", "context":{"id":"f84edcf5-eddf-4541-8dd4-432d7d6c9548", "isDeleted:":"true", "version":"1721589401945"}}
{"logTime": "0808/230708", "correlationVector":"0+Nx4XZyJcVOYRxne5Bj0J.50","action":"GetUpdates", "result":"DeleteReceived", "context":{"id":"31306edf-040b-4549-a416-479f4e2f7eeb", "isDeleted:":"true", "version":"1721589679304"}}
{"logTime": "0808/230708", "correlationVector":"0+Nx4XZyJcVOYRxne5Bj0J.51","action":"GetUpdates", "result":"DeleteReceived", "context":{"id":"abeaaa0c-0cae-4ef5-93f8-f97202a64750", "isDeleted:":"true", "version":"1721595613904"}}
{"logTime": "0808/230708", "correlationVector":"0+Nx4XZyJcVOYRxne5Bj0J.52","action":"GetUpdates", "result":"DeleteReceived", "context":{"id":"0196a72c-4feb-4f16-afba-a00cca8ae1ce", "isDeleted:":"true", "version":"1721596124589"}}
{"logTime": "0808/230708", "correlationVector":"0+Nx4XZyJcVOYRxne5Bj0J.53","action":"GetUpdates", "result":"DeleteReceived", "context":{"id":"413b7902-7b2b-4596-8579-052d463eb24c", "isDeleted:":"true", "version":"1722956829962"}}
{"logTime": "0808/230708", "correlationVector":"0+Nx4XZyJcVOYRxne5Bj0J.54","action":"GetUpdates", "result":"DeleteReceived", "context":{"id":"2f46678b-f22c-47f1-8290-7fc645f17a61", "isDeleted:":"true", "version":"1723147568873"}}
{"logTime": "0808/230708", "correlationVector":"0+Nx4XZyJcVOYRxne5Bj0J.55","action":"GetUpdates Response", "result":"Success", "context":Received 68 update(s). cV=0+Nx4XZyJcVOYRxne5Bj0J.0;server=general0100000Y;cloudType=Consumer;environment=Prod_WestEurope_000l;migrationStage=NotStarted}
{"logTime": "0808/230708", "correlationVector":"wnt3xNg/nmPd09tmwuRroc","action":"Normal GetUpdate request", "result":"", "context":cV=wnt3xNg/nmPd09tmwuRroc
Nudged types: Sessions, Device Info
Refresh requested types: Bookmarks, Preferences, Passwords, Autofill Profiles, Autofill, Typed URLs, Extensions, Sessions, Extension settings, History Delete Directives, Device Info, User Consents, Send Tab To Self, Web Apps, Collection, Edge E Drop, Edge Hub App Usage, Edge Tab Group, Edge Wallet, Encryption Keys}
{"logTime": "0808/230708", "correlationVector":"wnt3xNg/nmPd09tmwuRroc.1","action":"SyncServerConnectionManagerRequest", "result":"SYNC_SERVER_OK", "context":{"environment":"Prod_WestEurope_000l", "migrationStage":"NotStarted", "server":"general0100000I"}}
{"logTime": "0808/230708", "correlationVector":"wnt3xNg/nmPd09tmwuRroc.2","action":"GetUpdates Response", "result":"Success", "context":Received 0 update(s). cV=wnt3xNg/nmPd09tmwuRroc.0;server=general0100000I;cloudType=Consumer;environment=Prod_WestEurope_000l;migrationStage=NotStarted}
{"logTime": "0808/230708", "correlationVector":"w8ulhiuiEkCra8Z2DrdKL8","action":"Commit Request", "result":"", "context":Item count: 3
Contributing types: Sessions, Device Info}
{"logTime": "0808/230709", "correlationVector":"w8ulhiuiEkCra8Z2DrdKL8.1","action":"SyncServerConnectionManagerRequest", "result":"SYNC_SERVER_OK", "context":{"environment":"Prod_WestEurope_000l", "migrationStage":"NotStarted", "server":"general0100000G"}}
{"logTime": "0808/230709", "correlationVector":"w8ulhiuiEkCra8Z2DrdKL8.2","action":"Commit Response", "result":"Success", "context":Result: Success. cV=w8ulhiuiEkCra8Z2DrdKL8.0;server=general0100000G;cloudType=Consumer;environment=Prod_WestEurope_000l;migrationStage=NotStarted}
