2024-08-08T23:05:42.365Z P:12348 T:16660] SyncServiceImpl::Initialize,SyncState after the account was authenticated: NotSignedIn
2024-08-08T23:05:42.782Z P:12348 T:3068] SyncManagerImpl::ConfigureSyncer,Types to download: Encryption Keys
2024-08-08T23:05:48.832Z P:12348 T:16660] ModelLoadManager::Configure,Desired: Device Info, User Consents, Send Tab To Self, Encryption Keys preferred: Device Info, User Consents, Send Tab To Self, Encryption Keys
2024-08-08T23:05:48.832Z P:12348 T:16660] ModelLoadManager::LoadDesiredTypes,Desired: Device Info, User Consents, Send Tab To Self
2024-08-08T23:05:48.839Z P:12348 T:16660] ModelLoadManager::ModelLoadCallback,Load Device Info: success
2024-08-08T23:05:48.839Z P:12348 T:16660] ModelLoadManager::ModelLoadCallback,Load User Consents: success
2024-08-08T23:05:48.839Z P:12348 T:16660] ModelLoadManager::ModelLoadCallback,Load Send Tab To Self: success
2024-08-08T23:05:48.839Z P:12348 T:16660] ModelLoadManager::NotifyDelegateIfReadyForConfigure,All data types are ready for configuration
2024-08-08T23:05:48.839Z P:12348 T:16660] DataTypeManagerImpl::OnAllDataTypesReadyForConfigure,All data types are ready for configuration
2024-08-08T23:05:48.839Z P:12348 T:16660] DataTypeManagerImpl::StartNextConfiguration,Size: 3 front: Encryption Keys
2024-08-08T23:05:48.839Z P:12348 T:16660] DataTypeManagerImpl::PrepareConfigureParams,Add types: 
2024-08-08T23:05:48.839Z P:12348 T:10128] SyncManagerImpl::ConfigureSyncer,Types to download: 
2024-08-08T23:05:48.855Z P:12348 T:16660] DataTypeManagerImpl::ConfigurationCompleted,Left: 2
2024-08-08T23:05:48.855Z P:12348 T:16660] DataTypeManagerImpl::StartNextConfiguration,Size: 2 front: Device Info, Send Tab To Self
2024-08-08T23:05:48.855Z P:12348 T:16660] DataTypeManagerImpl::PrepareConfigureParams,Add types: Device Info, Send Tab To Self, Encryption Keys
2024-08-08T23:05:48.855Z P:12348 T:10128] SyncManagerImpl::ConfigureSyncer,Types to download: Device Info, Send Tab To Self, Encryption Keys
2024-08-08T23:05:49.025Z P:12348 T:16660] DataTypeManagerImpl::ConfigurationCompleted,Left: 1
2024-08-08T23:05:49.027Z P:12348 T:16660] DataTypeManagerImpl::StartNextConfiguration,Size: 1 front: User Consents
2024-08-08T23:05:49.027Z P:12348 T:16660] DataTypeManagerImpl::PrepareConfigureParams,Add types: 
2024-08-08T23:05:49.027Z P:12348 T:10128] SyncManagerImpl::ConfigureSyncer,Types to download: 
2024-08-08T23:05:49.027Z P:12348 T:16660] DataTypeManagerImpl::ConfigurationCompleted,Left: 0
2024-08-08T23:05:49.324Z P:12348 T:10128] Commit::PostAndProcessResponse,Device Info: Success
2024-08-08T23:05:49.324Z P:12348 T:10128] Commit::PostAndProcessResponse,User Consents: Success
2024-08-08T23:06:19.023Z P:12348 T:16660] SyncServiceImpl::ResetEngine,Reason: 0
2024-08-08T23:07:01.078Z P:21044 T:5744] SyncServiceImpl::Initialize,SyncState after the account was authenticated: FeatureNotRequested
2024-08-08T23:07:07.700Z P:21044 T:21244] SyncManagerImpl::ConfigureSyncer,Types to download: Encryption Keys
2024-08-08T23:07:07.962Z P:21044 T:5744] ModelLoadManager::Configure,Desired: Bookmarks, Preferences, Typed URLs, Extensions, Sessions, Extension settings, History Delete Directives, Device Info, User Consents, Send Tab To Self, Web Apps, Collection, Edge E Drop, Edge Hub App Usage, Edge Tab Group, Edge Wallet, Encryption Keys preferred: Bookmarks, Preferences, Passwords, Autofill Profiles, Autofill, Typed URLs, Extensions, Sessions, Extension settings, History Delete Directives, Device Info, User Consents, Send Tab To Self, Web Apps, Collection, Edge E Drop, Edge Hub App Usage, Edge Tab Group, Edge Wallet, Encryption Keys
2024-08-08T23:07:07.962Z P:21044 T:5744] ModelLoadManager::LoadDesiredTypes,Desired: Bookmarks, Preferences, Typed URLs, Extensions, Sessions, Extension settings, History Delete Directives, Device Info, User Consents, Send Tab To Self, Web Apps, Collection, Edge E Drop, Edge Hub App Usage, Edge Tab Group, Edge Wallet
2024-08-08T23:07:07.962Z P:21044 T:5744] ModelLoadManager::ModelLoadCallback,Load Bookmarks: success
2024-08-08T23:07:07.965Z P:21044 T:5744] ModelLoadManager::ModelLoadCallback,Load Preferences: success
2024-08-08T23:07:07.965Z P:21044 T:5744] ModelLoadManager::ModelLoadCallback,Load Extensions: success
2024-08-08T23:07:07.966Z P:21044 T:5744] ModelLoadManager::ModelLoadCallback,Load History Delete Directives: success
2024-08-08T23:07:07.966Z P:21044 T:5744] ModelLoadManager::ModelLoadCallback,Load Typed URLs: success
2024-08-08T23:07:07.966Z P:21044 T:5744] ModelLoadManager::ModelLoadCallback,Load Extension settings: success
2024-08-08T23:07:07.966Z P:21044 T:5744] ModelLoadManager::ModelLoadCallback,Load Device Info: success
2024-08-08T23:07:07.966Z P:21044 T:5744] ModelLoadManager::ModelLoadCallback,Load User Consents: success
2024-08-08T23:07:07.966Z P:21044 T:5744] ModelLoadManager::ModelLoadCallback,Load Send Tab To Self: success
2024-08-08T23:07:07.966Z P:21044 T:5744] ModelLoadManager::ModelLoadCallback,Load Web Apps: success
2024-08-08T23:07:07.966Z P:21044 T:5744] ModelLoadManager::ModelLoadCallback,Load Collection: success
2024-08-08T23:07:07.966Z P:21044 T:5744] ModelLoadManager::ModelLoadCallback,Load Edge E Drop: success
2024-08-08T23:07:07.966Z P:21044 T:5744] ModelLoadManager::ModelLoadCallback,Load Edge Hub App Usage: success
2024-08-08T23:07:07.966Z P:21044 T:5744] ModelLoadManager::ModelLoadCallback,Load Edge Tab Group: success
2024-08-08T23:07:07.966Z P:21044 T:5744] ModelLoadManager::ModelLoadCallback,Load Edge Wallet: success
2024-08-08T23:07:07.967Z P:21044 T:5744] ModelLoadManager::ModelLoadCallback,Load Sessions: success
2024-08-08T23:07:07.967Z P:21044 T:5744] ModelLoadManager::NotifyDelegateIfReadyForConfigure,All data types are ready for configuration
2024-08-08T23:07:07.967Z P:21044 T:5744] DataTypeManagerImpl::OnAllDataTypesReadyForConfigure,All data types are ready for configuration
2024-08-08T23:07:07.968Z P:21044 T:5744] DataTypeManagerImpl::StartNextConfiguration,Size: 4 front: Encryption Keys
2024-08-08T23:07:07.968Z P:21044 T:5744] DataTypeManagerImpl::PrepareConfigureParams,Add types: 
2024-08-08T23:07:08.353Z P:21044 T:19516] SyncManagerImpl::ConfigureSyncer,Types to download: 
2024-08-08T23:07:08.355Z P:21044 T:5744] DataTypeManagerImpl::ConfigurationCompleted,Reconfigure
2024-08-08T23:07:08.355Z P:21044 T:5744] ModelLoadManager::Configure,Desired: Bookmarks, Preferences, Passwords, Autofill Profiles, Autofill, Typed URLs, Extensions, Sessions, Extension settings, History Delete Directives, Device Info, User Consents, Send Tab To Self, Web Apps, Collection, Edge E Drop, Edge Hub App Usage, Edge Tab Group, Edge Wallet, Encryption Keys preferred: Bookmarks, Preferences, Passwords, Autofill Profiles, Autofill, Typed URLs, Extensions, Sessions, Extension settings, History Delete Directives, Device Info, User Consents, Send Tab To Self, Web Apps, Collection, Edge E Drop, Edge Hub App Usage, Edge Tab Group, Edge Wallet, Encryption Keys
2024-08-08T23:07:08.355Z P:21044 T:5744] ModelLoadManager::LoadDesiredTypes,Desired: Bookmarks, Preferences, Passwords, Autofill Profiles, Autofill, Typed URLs, Extensions, Sessions, Extension settings, History Delete Directives, Device Info, User Consents, Send Tab To Self, Web Apps, Collection, Edge E Drop, Edge Hub App Usage, Edge Tab Group, Edge Wallet
2024-08-08T23:07:08.355Z P:21044 T:5744] ModelLoadManager::ModelLoadCallback,Load Passwords: success
2024-08-08T23:07:08.355Z P:21044 T:5744] ModelLoadManager::ModelLoadCallback,Load Autofill Profiles: success
2024-08-08T23:07:08.356Z P:21044 T:5744] ModelLoadManager::ModelLoadCallback,Load Autofill: success
2024-08-08T23:07:08.356Z P:21044 T:5744] ModelLoadManager::NotifyDelegateIfReadyForConfigure,All data types are ready for configuration
2024-08-08T23:07:08.356Z P:21044 T:5744] DataTypeManagerImpl::OnAllDataTypesReadyForConfigure,All data types are ready for configuration
2024-08-08T23:07:08.356Z P:21044 T:5744] DataTypeManagerImpl::StartNextConfiguration,Size: 4 front: Encryption Keys
2024-08-08T23:07:08.356Z P:21044 T:5744] DataTypeManagerImpl::PrepareConfigureParams,Add types: 
2024-08-08T23:07:08.356Z P:21044 T:21216] SyncManagerImpl::ConfigureSyncer,Types to download: 
2024-08-08T23:07:08.356Z P:21044 T:5744] DataTypeManagerImpl::ConfigurationCompleted,Left: 3
2024-08-08T23:07:08.356Z P:21044 T:5744] DataTypeManagerImpl::StartNextConfiguration,Size: 3 front: Preferences, Passwords, Device Info, Send Tab To Self, Edge E Drop
2024-08-08T23:07:08.356Z P:21044 T:5744] DataTypeManagerImpl::PrepareConfigureParams,Add types: Preferences, Passwords, Edge E Drop, Encryption Keys
2024-08-08T23:07:08.356Z P:21044 T:21216] SyncManagerImpl::ConfigureSyncer,Types to download: Preferences, Passwords, Edge E Drop, Encryption Keys
2024-08-08T23:07:08.507Z P:21044 T:5744] DataTypeManagerImpl::ConfigurationCompleted,Left: 2
2024-08-08T23:07:08.507Z P:21044 T:5744] DataTypeManagerImpl::StartNextConfiguration,Size: 2 front: Bookmarks
2024-08-08T23:07:08.507Z P:21044 T:5744] DataTypeManagerImpl::PrepareConfigureParams,Add types: Bookmarks, Encryption Keys
2024-08-08T23:07:08.507Z P:21044 T:21216] SyncManagerImpl::ConfigureSyncer,Types to download: Bookmarks, Encryption Keys
2024-08-08T23:07:08.640Z P:21044 T:5744] DataTypeManagerImpl::ConfigurationCompleted,Left: 1
2024-08-08T23:07:08.641Z P:21044 T:5744] DataTypeManagerImpl::StartNextConfiguration,Size: 1 front: Autofill Profiles, Autofill, Typed URLs, Extensions, Sessions, Extension settings, History Delete Directives, User Consents, Web Apps, Collection, Edge Hub App Usage, Edge Tab Group, Edge Wallet
2024-08-08T23:07:08.641Z P:21044 T:5744] DataTypeManagerImpl::PrepareConfigureParams,Add types: Autofill Profiles, Autofill, Typed URLs, Extensions, Sessions, Extension settings, History Delete Directives, Web Apps, Collection, Edge Hub App Usage, Edge Tab Group, Edge Wallet, Encryption Keys
2024-08-08T23:07:08.641Z P:21044 T:21216] SyncManagerImpl::ConfigureSyncer,Types to download: Autofill Profiles, Autofill, Typed URLs, Extensions, Sessions, Extension settings, History Delete Directives, Web Apps, Collection, Edge Hub App Usage, Edge Tab Group, Edge Wallet, Encryption Keys
2024-08-08T23:07:08.812Z P:21044 T:5744] DataTypeManagerImpl::ConfigurationCompleted,Left: 0
2024-08-08T23:07:09.214Z P:21044 T:21216] Commit::PostAndProcessResponse,Sessions: Success
2024-08-08T23:07:09.214Z P:21044 T:21216] Commit::PostAndProcessResponse,Device Info: Success
2024-08-08T23:07:09.430Z P:21044 T:5744] SyncServiceImpl::ResetEngine,Reason: 0
2024-08-08T23:07:09.430Z P:21044 T:21216] SyncSchedulerImpl::DoNudgeSyncCycleJob,Syncer error: Success
